<?xml version="1.0" encoding="UTF-8"?>
<!-- Generated by org.testng.reporters.JUnitReportReporter -->
<testsuite hostname="ramZs-Air.fritz.box" failures="0" tests="2" name="day45SeleniumDay26.LoginTest" time="4.993" errors="0" timestamp="2023-08-23T20:39:58 CEST" skipped="0">
  <testcase classname="day45SeleniumDay26.LoginTest" name="testLinks" time="0.794"/>
  <testcase classname="day45SeleniumDay26.LoginTest" name="testLogin" time="4.199"/>
</testsuite> <!-- day45SeleniumDay26.LoginTest -->
