<?xml version="1.0" encoding="UTF-8"?>
<!-- Generated by org.testng.reporters.JUnitReportReporter -->
<testsuite hostname="ramZs-MacBook-Air.local" failures="0" tests="2" name="day41SeleniumDay22.pack.Class1" time="0.017" errors="0" timestamp="2023-08-16T04:40:39 CEST" skipped="0">
  <testcase classname="day41SeleniumDay22.pack.Class1" name="abc" time="0.001"/>
  <testcase classname="day41SeleniumDay22.pack.Class1" name="abc" time="0.016"/>
</testsuite> <!-- day41SeleniumDay22.pack.Class1 -->
