<?xml version="1.0" encoding="UTF-8"?>
<!-- Generated by org.testng.reporters.JUnitReportReporter -->
<testsuite hostname="ramZs-MacBook-Air.local" failures="0" tests="2" name="day41SeleniumDay22.AnnotationsDemo2" time="0.007" errors="0" timestamp="2023-08-15T03:31:38 CEST" skipped="0">
  <testcase classname="day41SeleniumDay22.AnnotationsDemo2" name="Search" time="0.006"/>
  <testcase classname="day41SeleniumDay22.AnnotationsDemo2" name="AdvancedSearch" time="0.001"/>
</testsuite> <!-- day41SeleniumDay22.AnnotationsDemo2 -->
