<?xml version="1.0" encoding="UTF-8"?>
<!-- Generated by org.testng.reporters.JUnitReportReporter -->
<testsuite hostname="ramZs-MacBook-Air.local" failures="0" tests="4" name="day40SeleniumDay21.OrangeHRMTest" time="17.212" errors="0" timestamp="2023-08-14T10:09:03 CEST" skipped="0">
  <testcase classname="day40SeleniumDay21.OrangeHRMTest" name="testOpenApp" time="9.555"/>
  <testcase classname="day40SeleniumDay21.OrangeHRMTest" name="testCheckLogo" time="5.643"/>
  <testcase classname="day40SeleniumDay21.OrangeHRMTest" name="testLogin" time="1.871"/>
  <testcase classname="day40SeleniumDay21.OrangeHRMTest" name="testLogout" time="0.143"/>
</testsuite> <!-- day40SeleniumDay21.OrangeHRMTest -->
