<?xml version="1.0" encoding="UTF-8"?>
<!-- Generated by org.testng.reporters.JUnitReportReporter -->
<testsuite hostname="ramZs-MacBook-Air.local" failures="0" tests="2" name="day42SeleniumDay23.grouping.SignUpTestsDemo" time="0.005" errors="0" timestamp="2023-08-16T14:09:20 CEST" skipped="0">
  <testcase classname="day42SeleniumDay23.grouping.SignUpTestsDemo" name="signupBytwitter" time="0.002"/>
  <testcase classname="day42SeleniumDay23.grouping.SignUpTestsDemo" name="signupbyfacebook" time="0.003"/>
</testsuite> <!-- day42SeleniumDay23.grouping.SignUpTestsDemo -->
