<?xml version="1.0" encoding="UTF-8"?>
<!-- Generated by org.testng.reporters.JUnitReportReporter -->
<testsuite hostname="ramZs-MacBook-Air.local" failures="0" tests="2" name="day41SeleniumDay22.AnnotationsDemo1" time="0.021" errors="0" timestamp="2023-08-15T03:23:14 CEST" skipped="0">
  <testcase classname="day41SeleniumDay22.AnnotationsDemo1" name="Search" time="0.008"/>
  <testcase classname="day41SeleniumDay22.AnnotationsDemo1" name="AdvancedSearch" time="0.013"/>
</testsuite> <!-- day41SeleniumDay22.AnnotationsDemo1 -->
