<?xml version="1.0" encoding="UTF-8"?>
<!-- Generated by org.testng.reporters.JUnitReportReporter -->
<testsuite hostname="ramZs-Air.fritz.box" failures="0" tests="3" name="day44SeleniumDay25.OrangeHrmTest" time="3.260" errors="0" timestamp="2023-08-31T10:17:20 CEST" skipped="0">
  <testcase classname="day44SeleniumDay25.OrangeHrmTest" name="testLogo" time="3.241"/>
  <testcase classname="day44SeleniumDay25.OrangeHrmTest" name="testAppURL" time="0.012"/>
  <testcase classname="day44SeleniumDay25.OrangeHrmTest" name="testHomePageTitle" time="0.007"/>
</testsuite> <!-- day44SeleniumDay25.OrangeHrmTest -->
