<?xml version="1.0" encoding="UTF-8"?>
<!-- Generated by org.testng.reporters.JUnitReportReporter -->
<testsuite hostname="ramZs-MacBook-Air.local" failures="0" tests="1" name="day42SeleniumDay23.grouping.PaymentsTestsDemo" time="0.001" errors="0" timestamp="2023-08-16T14:09:20 CEST" skipped="0">
  <testcase classname="day42SeleniumDay23.grouping.PaymentsTestsDemo" name="paymentReturnbyBank" time="0.001"/>
</testsuite> <!-- day42SeleniumDay23.grouping.PaymentsTestsDemo -->
