<?xml version="1.0" encoding="UTF-8"?>
<!-- Generated by org.testng.reporters.JUnitReportReporter -->
<testsuite hostname="ramZs-MacBook-Air.local" failures="0" tests="3" name="day40SeleniumDay21.FirstTestCaseTestNgDemo" time="0.048" errors="0" timestamp="2023-08-14T09:57:07 CEST" skipped="0">
  <testcase classname="day40SeleniumDay21.FirstTestCaseTestNgDemo" name="openApp" time="0.041"/>
  <testcase classname="day40SeleniumDay21.FirstTestCaseTestNgDemo" name="login" time="0.003"/>
  <testcase classname="day40SeleniumDay21.FirstTestCaseTestNgDemo" name="logout" time="0.004"/>
</testsuite> <!-- day40SeleniumDay21.FirstTestCaseTestNgDemo -->
