<?xml version="1.0" encoding="UTF-8"?>
<!-- Generated by org.testng.reporters.JUnitReportReporter -->
<testsuite hostname="ramZs-MacBook-Air.local" failures="0" tests="3" name="day43SeleniumDay24.ParallelTestDemo" time="3.610" errors="0" timestamp="2023-08-21T04:46:11 CEST" skipped="0">
  <testcase classname="day43SeleniumDay24.ParallelTestDemo" name="testLogo" time="3.592"/>
  <testcase classname="day43SeleniumDay24.ParallelTestDemo" name="testHomePageTitle" time="0.010"/>
  <testcase classname="day43SeleniumDay24.ParallelTestDemo" name="TestAppURL" time="0.008"/>
</testsuite> <!-- day43SeleniumDay24.ParallelTestDemo -->
